INFO:werkzeug: * Running on http://0.0.0.0:5000/ (Press CTRL+C to quit)
INFO:werkzeug: * Restarting with stat
WARNING:werkzeug: * Debugger is active!
INFO:werkzeug: * Debugger PIN: 260-478-798
INFO:werkzeug:172.18.0.2 - - [05/Jul/2023 03:41:55] "[37mGET / HTTP/1.1[0m" 200 -
INFO:root:Requesting URL : https://www.flipkart.com/search?q=bed%20cover
INFO:root:URL Request : https://www.flipkart.com/search?q=bed%20cover - Read and closed succesfully
INFO:root:Found : 40 results
ERROR:root:'NoneType' object has no attribute 'text'
ERROR:root:'NoneType' object has no attribute 'text'
ERROR:root:'NoneType' object has no attribute 'text'
ERROR:root:'NoneType' object has no attribute 'text'
ERROR:root:'NoneType' object has no attribute 'text'
ERROR:root:'NoneType' object has no attribute 'text'
ERROR:root:'NoneType' object has no attribute 'text'
ERROR:root:'NoneType' object has no attribute 'text'
ERROR:root:'NoneType' object has no attribute 'text'
ERROR:root:'NoneType' object has no attribute 'text'
ERROR:root:'NoneType' object has no attribute 'text'
ERROR:root:'NoneType' object has no attribute 'text'
ERROR:root:'NoneType' object has no attribute 'text'
ERROR:root:'NoneType' object has no attribute 'text'
ERROR:root:'NoneType' object has no attribute 'text'
ERROR:root:'NoneType' object has no attribute 'text'
ERROR:root:'NoneType' object has no attribute 'text'
ERROR:root:'NoneType' object has no attribute 'text'
ERROR:root:'NoneType' object has no attribute 'text'
ERROR:root:'NoneType' object has no attribute 'text'
ERROR:root:'NoneType' object has no attribute 'text'
ERROR:root:'NoneType' object has no attribute 'text'
ERROR:root:'NoneType' object has no attribute 'text'
ERROR:root:'NoneType' object has no attribute 'text'
ERROR:root:'NoneType' object has no attribute 'text'
ERROR:root:'NoneType' object has no attribute 'text'
ERROR:root:'NoneType' object has no attribute 'text'
ERROR:root:'NoneType' object has no attribute 'text'
ERROR:root:'NoneType' object has no attribute 'text'
ERROR:root:'NoneType' object has no attribute 'text'
ERROR:root:'NoneType' object has no attribute 'text'
ERROR:root:'NoneType' object has no attribute 'text'
ERROR:root:'NoneType' object has no attribute 'text'
ERROR:root:'NoneType' object has no attribute 'text'
ERROR:root:'NoneType' object has no attribute 'text'
ERROR:root:'NoneType' object has no attribute 'text'
ERROR:root:'NoneType' object has no attribute 'text'
ERROR:root:'NoneType' object has no attribute 'text'
ERROR:root:'NoneType' object has no attribute 'text'
ERROR:root:'NoneType' object has no attribute 'text'
INFO:root:LOXICA FAB Reversible Polycotton Double Bed Cover :  : 
INFO:root:Vsnap Cotton Queen Bed Cover :  : 1043
INFO:root:AAYUSH FAB Polycotton Double Bed Cover :  : 788
INFO:root:ROMAN REIGNS Polycotton Double Bed Cover :  : 587
INFO:root:PAVIKA CREATIONS Cotton Double Bed Cover :  : 2014
INFO:root:PLAYAR Reversible Polycotton Queen Bed Cover :  : 1015
INFO:root:PCZON Reversible Polycotton Double Bed Cover :  : 
INFO:root:ROMEE Reversible Polycotton Queen Bed Cover :  : 
INFO:root:sidhu moose wala Polycotton Queen Bed Cover :  : 155
INFO:root:TomJerry Reversible Cotton Double Bed Cover :  : 125
INFO:root:PETROSOLY Cotton Double Bed Cover :  : 107
INFO:root:Feelme Cotton King Bed Cover :  : 12
INFO:root:Leo Creation Cotton Double Bed Spread :  : 17117
INFO:root:Leo Creation Cotton Double Bed Spread :  : 17117
INFO:root:GooglyGoogly Polycotton Queen Bed Cover :  : 133
INFO:root:GRINAF Cotton Double Bed Cover :  : 776
INFO:root:PETROSOLY Cotton Double Bed Cover :  : 107
INFO:root:ROMEE Reversible Polycotton Queen Bed Cover :  : 
INFO:root:PCZON Reversible Polycotton Queen Bed Cover :  : 
INFO:root:BEDAFFAIR Cotton Double Bed Cover :  : 304
INFO:root:JM Homefurnishings Reversible Polyester Single Bed Cover :  : 34
INFO:root:JM Homefurnishings Reversible Polyester Twin Bed Cover :  : 14
INFO:root:AAYUSH FAB Polycotton Double Bed Cover :  : 30
INFO:root:ROMAN REIGNS Polycotton Double Bed Cover :  : 70
INFO:root:BHAIJAAN Polycotton Queen Bed Cover :  : 95
INFO:root:rensum Cotton Double Bed Cover :  : 
INFO:root:AIRWILL Reversible Cotton Double Bed Cover :  : 247
INFO:root:AVI Cotton Queen Bed Cover :  : 588
INFO:root:PAVIKA CREATIONS Cotton Double Bed Cover :  : 572
INFO:root:TomJerry Reversible Cotton Double Bed Cover :  : 79
INFO:root:ROMEE Reversible Polycotton Queen Bed Cover :  : 
INFO:root:ROMEE Reversible Polycotton Queen Bed Cover :  : 
INFO:root:Devatwal Fashion Cotton Double Bed Cover :  : 131
INFO:root:ROMAN REIGNS Polycotton Double Bed Cover :  : 364
INFO:root:PCZON Reversible Polycotton Double Bed Cover :  : 
INFO:root:PCZON Reversible Polycotton Double Bed Cover :  : 
INFO:root:ROMEE Reversible Polycotton Queen Bed Cover :  : 
INFO:root:ROMEE Reversible Polycotton Queen Bed Cover :  : 
INFO:root:rensum Cotton Double Bed Cover :  : 11
INFO:root:GoodRisk Reversible Polycotton Double Bed Cover :  : 65
INFO:werkzeug:172.18.0.2 - - [05/Jul/2023 03:42:02] "[37mPOST /search HTTP/1.1[0m" 200 -
INFO:werkzeug: * Detected change in '/config/workspace/Projects/web_scrap_with_flask/application.py', reloading
INFO:werkzeug: * Restarting with stat
WARNING:werkzeug: * Debugger is active!
INFO:werkzeug: * Debugger PIN: 260-478-798
INFO:werkzeug: * Detected change in '/config/workspace/Projects/web_scrap_with_flask/application.py', reloading
INFO:werkzeug: * Restarting with stat
WARNING:werkzeug: * Debugger is active!
INFO:werkzeug: * Debugger PIN: 260-478-798
INFO:root:START: application started
INFO:root:START: application started
INFO:werkzeug: * Running on http://0.0.0.0:5000/ (Press CTRL+C to quit)
INFO:werkzeug: * Restarting with stat
WARNING:werkzeug: * Debugger is active!
INFO:werkzeug: * Debugger PIN: 260-478-798
INFO:werkzeug:172.18.0.2 - - [05/Jul/2023 03:47:07] "[37mGET / HTTP/1.1[0m" 200 -
INFO:root:Requesting URL : https://www.flipkart.com/search?q=mechanical%20keyboard
INFO:root:URL Request : https://www.flipkart.com/search?q=mechanical%20keyboard - Read and closed succesfully
INFO:root:Found : 40 results
ERROR:root:'NoneType' object has no attribute 'text'
ERROR:root:'NoneType' object has no attribute 'text'
ERROR:root:'NoneType' object has no attribute 'text'
ERROR:root:'NoneType' object has no attribute 'text'
ERROR:root:'NoneType' object has no attribute 'text'
ERROR:root:'NoneType' object has no attribute 'text'
ERROR:root:'NoneType' object has no attribute 'text'
ERROR:root:'NoneType' object has no attribute 'text'
ERROR:root:'NoneType' object has no attribute 'text'
ERROR:root:'NoneType' object has no attribute 'text'
ERROR:root:'NoneType' object has no attribute 'text'
ERROR:root:'NoneType' object has no attribute 'text'
ERROR:root:'NoneType' object has no attribute 'text'
ERROR:root:'NoneType' object has no attribute 'text'
ERROR:root:'NoneType' object has no attribute 'text'
ERROR:root:'NoneType' object has no attribute 'text'
ERROR:root:'NoneType' object has no attribute 'text'
ERROR:root:'NoneType' object has no attribute 'text'
ERROR:root:'NoneType' object has no attribute 'text'
ERROR:root:'NoneType' object has no attribute 'text'
ERROR:root:'NoneType' object has no attribute 'text'
ERROR:root:'NoneType' object has no attribute 'text'
INFO:root:ZEBRONICS ZEB-KM-2100 Wired USB Desktop Keyboard : 4.0 : 20283
INFO:root:RPM Euro Games Gaming Keyboard and Mouse Combo | Keyboard - With 7 Color Backlit | Suspension Caps | Backlit | 104 Keys | Mouse - Upto 3200 DPI, 4 Levels|6 Buttons | 7 Color RGB Wired USB Gaming Keyboard (Black) Wired USB Gaming Keyboard : 4.1 : 1835
INFO:root:RPM Euro Games Gaming Keyboard Wired USB Gaming Keyboard : 4.0 : 1108
INFO:root:RPM Euro Games Gaming Keyboard - Normal Wired USB Gaming Keyboard : 4.0 : 497
INFO:root:RPM Euro Games Gaming Keyboard & Mouse Combo | RGB Keyboard | Upto 3200 DPI, 6 Buttons Mouse Wired USB Gaming Keyboard : 4.2 : 252
INFO:root:Logitech G413 TKL/Compact Backlit, Tactile Mechanical Switches, Anti-Ghosting Wired USB Gaming Keyboard : 4.5 : 53
INFO:root:Logitech G413 / Mechanical, Backlit Keys, Romer-G Tactile Key Switches Wired USB Gaming Keyboard : 4.5 : 53
INFO:root:Logitech MX Keys / Advanced Illuminated Wireless, Tactile Responsive Typing, Backlit Keys Wireless Multi-device Keyboard : 4.7 : 184
INFO:root:Logitech G512/Mechanical, RGB Lightsync Backlit Keys, GX Brown Tactile Key Switches Wired USB Gaming Keyboard : 4.6 : 45
INFO:root:QUANTUM QHM9800 Wired USB Gaming Keyboard :  : 
INFO:root:RPM Euro Games Gaming Keyboard With Semi-Mechanical Keys | RGB Backlit | Wired Wired USB Gaming Keyboard : 3.8 : 160
INFO:root:Ducky Mecha Mini (Cherry MX Blue) Wired USB Gaming Keyboard :  : 
INFO:root:Ducky One 3 Mini CLASSIC RGB Wired USB Multi-device Keyboard :  : 
INFO:root:Ducky One 3 TKL Pure White RGB Wired USB Gaming Keyboard :  : 
INFO:root:Ducky One 3 TKL Pure White RGB Wired USB Gaming Keyboard :  : 
INFO:root:Ducky One 3 Mini Pure White RGB Wired USB Multi-device Keyboard :  : 
INFO:root:Ducky One 3 Mini Pure White RGB Wired USB Multi-device Keyboard :  : 
INFO:root:Electronic Spices Combo of 7 type switch Slide, Push, and Rocker switch 5 pieces each for project Electronic Components Electronic Hobby Kit : 4.1 : 277
INFO:root:Aktronics Tactile Switch Micro Push to ON Button for DIY Projects (Set of 100) Electronic Components Electronic Hobby Kit :  : 
INFO:root:Electronic Spices momentry push button Switch Micro Push to On Button, pack of 50 Electronic Components Electronic Hobby Kit : 4.0 : 113
INFO:root:Electronic Spices switch Slide, Push, and Rocker switch 4 pieces each for project Electronic Components Electronic Hobby Kit : 4.1 : 336
INFO:root:FUTABA Waterproof MacBook/ MacBook Air Pro Keyboard Skin : 3.3 : 33
INFO:root:FUTABA Waterproof MacBook/ MacBook Air Pro Keyboard Skin : 3.3 : 33
INFO:root:FUTABA Waterproof MacBook/ MacBook Air Pro Keyboard Skin : 3.3 : 33
INFO:root:FUTABA Waterproof MacBook/ MacBook Air Pro Keyboard Skin : 3.3 : 33
INFO:root:Manushre Manas Enterprises Tactile Switch Micro Push to ON Button for DIY Projects (Set of 100) Electronic Components Electronic Hobby Kit :  : 
INFO:root:Scriptronics Tactile Switch Micro Push to ON Button for DIY Projects (Set of 40) Electronic Components Electronic Hobby Kit :  : 
INFO:root:Proelite Keyboard Case for Xiaomi Mi Pad 5 11" With Detachable Wireless Bluetooth Keyboard : 4.0 : 3
INFO:root:Scriptronics Tactile Switch Micro Push to ON Button for DIY Projects (Set of 100) Electronic Components Electronic Hobby Kit :  : 
INFO:root:Manushre Manas Enterprises Tactile Switch Micro Push to ON Button for DIY Projects pack of 20 Electronic Components Electronic Hobby Kit :  : 
INFO:root:Scriptronics Tactile Switch Micro Push to ON Button for DIY Projects (Set of 20) Electronic Components Electronic Hobby Kit :  : 
INFO:root:Grahikum Tactile Switch Micro Push to ON Button for DIY Projects (Set of 160) Electronic Components Electronic Hobby Kit :  : 
INFO:root:DS Robotics Tactile Switch Micro Push to ON Button for DIY Projects (Set of 20) Electronic Components Electronic Hobby Kit :  : 
INFO:root:Aktronics Tactile Switch Micro Push to ON Button for DIY Projects (Set of 40) Electronic Components Electronic Hobby Kit :  : 
INFO:root:realtech Flip Cover for Apple iPad Pro 9.7 (2016) :  : 
INFO:root:Enorme Montessori Wooden Pretend Play Laptop, Draw with Chalk, Duster, Keyboard :  : 
INFO:root:DS Robotics Tactile Switch Micro Push to ON Button for DIY Projects (Set of 100) Electronic Components Electronic Hobby Kit :  : 
INFO:root:Manushre Manas Enterprises Tactile Switch Micro Push to ON Button for DIY Projects (Set of 20) Electronic Components Electronic Hobby Kit :  : 
INFO:root:Grahikum Tactile Switch Micro Push to ON Button for DIY Projects (Set of 80) Electronic Components Electronic Hobby Kit :  : 
INFO:root:Grahikum Tactile Switch Micro Push to ON Button for DIY Projects (Set of 40) Electronic Components Electronic Hobby Kit :  : 
INFO:werkzeug:172.18.0.2 - - [05/Jul/2023 03:47:21] "[37mPOST /search HTTP/1.1[0m" 200 -
INFO:werkzeug: * Detected change in '/config/workspace/Projects/web_scrap_with_flask/application.py', reloading
INFO:werkzeug: * Restarting with stat
WARNING:werkzeug: * Debugger is active!
INFO:werkzeug: * Debugger PIN: 260-478-798
INFO:werkzeug: * Detected change in '/config/workspace/Projects/web_scrap_with_flask/application.py', reloading
INFO:werkzeug: * Restarting with stat
WARNING:werkzeug: * Debugger is active!
INFO:werkzeug: * Debugger PIN: 260-478-798
INFO:werkzeug: * Detected change in '/config/workspace/Projects/web_scrap_with_flask/application.py', reloading
INFO:werkzeug: * Restarting with stat
WARNING:werkzeug: * Debugger is active!
INFO:werkzeug: * Debugger PIN: 260-478-798
INFO:werkzeug: * Detected change in '/config/workspace/Projects/web_scrap_with_flask/application.py', reloading
INFO:werkzeug: * Restarting with stat
WARNING:werkzeug: * Debugger is active!
INFO:werkzeug: * Debugger PIN: 260-478-798
INFO:werkzeug: * Detected change in '/config/workspace/Projects/web_scrap_with_flask/application.py', reloading
INFO:werkzeug: * Restarting with stat
INFO:werkzeug: * Running on http://0.0.0.0:5000/ (Press CTRL+C to quit)
INFO:werkzeug: * Restarting with stat
WARNING:werkzeug: * Debugger is active!
INFO:werkzeug: * Debugger PIN: 260-478-798
INFO:werkzeug:172.18.0.2 - - [05/Jul/2023 03:51:34] "[37mGET / HTTP/1.1[0m" 200 -
INFO:root:Requesting URL : https://www.flipkart.com/search?q=mechanical%20keyboards
INFO:root:URL Request : https://www.flipkart.com/search?q=mechanical%20keyboards - Read and closed succesfully
INFO:root:Found : 40 results
ERROR:root:RATING: 'NoneType' object has no attribute 'text'
ERROR:root:TOTAL RATINGS: 'NoneType' object has no attribute 'text'
ERROR:root:RATING: 'NoneType' object has no attribute 'text'
ERROR:root:TOTAL RATINGS: 'NoneType' object has no attribute 'text'
ERROR:root:RATING: 'NoneType' object has no attribute 'text'
ERROR:root:TOTAL RATINGS: 'NoneType' object has no attribute 'text'
ERROR:root:RATING: 'NoneType' object has no attribute 'text'
ERROR:root:TOTAL RATINGS: 'NoneType' object has no attribute 'text'
ERROR:root:RATING: 'NoneType' object has no attribute 'text'
ERROR:root:TOTAL RATINGS: 'NoneType' object has no attribute 'text'
ERROR:root:RATING: 'NoneType' object has no attribute 'text'
ERROR:root:TOTAL RATINGS: 'NoneType' object has no attribute 'text'
ERROR:root:RATING: 'NoneType' object has no attribute 'text'
ERROR:root:TOTAL RATINGS: 'NoneType' object has no attribute 'text'
ERROR:root:RATING: 'NoneType' object has no attribute 'text'
ERROR:root:TOTAL RATINGS: 'NoneType' object has no attribute 'text'
ERROR:root:RATING: 'NoneType' object has no attribute 'text'
ERROR:root:TOTAL RATINGS: 'NoneType' object has no attribute 'text'
ERROR:root:RATING: 'NoneType' object has no attribute 'text'
ERROR:root:TOTAL RATINGS: 'NoneType' object has no attribute 'text'
ERROR:root:RATING: 'NoneType' object has no attribute 'text'
ERROR:root:TOTAL RATINGS: 'NoneType' object has no attribute 'text'
ERROR:root:RATING: 'NoneType' object has no attribute 'text'
ERROR:root:TOTAL RATINGS: 'NoneType' object has no attribute 'text'
ERROR:root:RATING: 'NoneType' object has no attribute 'text'
ERROR:root:TOTAL RATINGS: 'NoneType' object has no attribute 'text'
ERROR:root:RATING: 'NoneType' object has no attribute 'text'
ERROR:root:TOTAL RATINGS: 'NoneType' object has no attribute 'text'
ERROR:root:RATING: 'NoneType' object has no attribute 'text'
ERROR:root:TOTAL RATINGS: 'NoneType' object has no attribute 'text'
ERROR:root:RATING: 'NoneType' object has no attribute 'text'
ERROR:root:TOTAL RATINGS: 'NoneType' object has no attribute 'text'
ERROR:root:RATING: 'NoneType' object has no attribute 'text'
ERROR:root:TOTAL RATINGS: 'NoneType' object has no attribute 'text'
ERROR:root:RATING: 'NoneType' object has no attribute 'text'
ERROR:root:TOTAL RATINGS: 'NoneType' object has no attribute 'text'
ERROR:root:RATING: 'NoneType' object has no attribute 'text'
ERROR:root:TOTAL RATINGS: 'NoneType' object has no attribute 'text'
ERROR:root:RATING: 'NoneType' object has no attribute 'text'
ERROR:root:TOTAL RATINGS: 'NoneType' object has no attribute 'text'
ERROR:root:RATING: 'NoneType' object has no attribute 'text'
ERROR:root:TOTAL RATINGS: 'NoneType' object has no attribute 'text'
ERROR:root:RATING: 'NoneType' object has no attribute 'text'
ERROR:root:TOTAL RATINGS: 'NoneType' object has no attribute 'text'
INFO:root:AMKETTE EvoFox Fireblade LED Backlit Wired USB Gaming Keyboard : 4.3 : 4054
INFO:root:Cosmic Byte CB-GK-14 Sirius Bluetooth, Wired USB Gaming Keyboard : 4.3 : 52
INFO:root:Flipkart SmartBuy PK-29 LED Backlit with Mechanical Switch Feeling Wired USB Gaming Keyboard : 4.4 : 1623
INFO:root:Razer BlackWidow V3 Pro - Wireless Mechanical Gaming Keyboard (Yellow Switch) Wired USB Gaming Keyboard :  : 
INFO:root:Portronics Hydra 10 Mechanical Bluetooth, Wireless Gaming Keyboard : 4.5 : 84
INFO:root:AMKETTE Katana Pro Mechanical Wired USB Gaming Keyboard : 4.5 : 79
INFO:root:Aula F2058 Mechanical Wired USB Gaming Keyboard : 4.6 : 7
INFO:root:Tvs Electronics Gold Prime Keyboard Wired USB Desktop Keyboard : 3.9 : 102
INFO:root:Meetion MT-MK600MX Wired USB Gaming Keyboard : 4.6 : 52
INFO:root:Cosmic Byte CB-GK-33 Astra Hot Swappable 67 Key Mechanical, Per-Key RGB Bluetooth, Wired USB Gaming Keyboard : 4.6 : 14
INFO:root:Aula S2022 Mechanical Wired USB Gaming Keyboard : 4.8 : 8
INFO:root:Ant Esports MK1000 Multicolour LED Backlit Wired TKL Mechanical Keyboard, 87 Keys 100% Anti-ghosting with Metal top Panel and Water Wired USB Gaming Keyboard : 4.4 : 60
INFO:root:Aula F2183 Gaming Mechanical Wireless, Bluetooth, Wired USB Multi-device Keyboard :  : 
INFO:root:Keychron K6-V1 Wired USB, Bluetooth Gaming Keyboard :  : 
INFO:root:HELLO GANSS GS 87 C-HT Bluetooth, Wired USB, Wireless Gaming Keyboard :  : 
INFO:root:Keychron K6-W3 Wired USB, Bluetooth Gaming Keyboard :  : 
INFO:root:Keychron V1-C1 Wireless Gaming Keyboard :  : 
INFO:root:Aula F2183 Gaming Mechanical Wireless, Bluetooth, Wired USB Multi-device Keyboard :  : 
INFO:root:GameSir GK300 Wireless Mechanical Gaming Keyboard for Windows PC/Android, USB Wireless Multimedia Keyboard with LED Backlight Wireless, Bluetooth Multi-device Keyboard : 5.0 : 3
INFO:root:QUANTUM QHM9800 Wired USB Gaming Keyboard :  : 
INFO:root:HELLO GANSS GS 87 C-D Bluetooth, Wired USB Gaming Keyboard :  : 
INFO:root:Redragon K552 Wired USB Gaming Keyboard : 4.0 : 21
INFO:root:ZEBRONICS Zeb-Transformer K2 Premuim Wired USB Gaming Keyboard :  : 
INFO:root:Redragon Kumara K552 Rainbow LED (red switch) Mechanical Keyboard Wired USB Gaming Keyboard :  : 
INFO:root:Kreo Hive RGB Game Mechanical Keyboards, Swappable Outemu Blue Switches, RGB Keyboard Wired USB Gaming Keyboard :  : 
INFO:root:Cosmic Byte CB-GK-32 Themis Per Key RGB Mechanical Outemu Red Wired USB Gaming Keyboard : 3.8 : 4
INFO:root:Keychron Q1-N3 Wired USB Gaming Keyboard :  : 
INFO:root:Keychron V1-D3 Wired USB Gaming Keyboard :  : 
INFO:root:Keychron V1-D1 Wired USB Gaming Keyboard :  : 
INFO:root:RK ROYAL KLUDGE RK61 Wired USB Gaming Keyboard :  : 
INFO:root:Etzin Popular Professional Waterproof Mechanical Keyboard Gaming Mechanical Keyboard Wired USB Gaming Keyboard :  : 
INFO:root:QUANTUM QHM9850 Mechanical Keyboard Wired USB Gaming Keyboard : 4.2 : 237
INFO:root:Enter Mechanical USB Gaming Keyboard PHOENIX PRO with Rainbow LED Keyboard with 1.8M PVC Cable Wired USB Gaming Keyboard :  : 
INFO:root:Razer BlackWidow V3 Pro - Wireless Mechanical Gaming Keyboard (Green Switch) - US Layout Wired USB Gaming Keyboard :  : 
INFO:root:eDUST Mini One-Hand Mechanical Keyboard Gaming Keyboard V100 35 Keys Colorful Backlit Game Keyboard Wired USB Gaming Keyboard : 4.2 : 5
INFO:root:Cosmic Byte CB-GK-25 Pandora TKL Mechanical Keyboard Outemu Blue Switches Wired USB Gaming Keyboard : 4.6 : 73
INFO:root:RPM Euro Games Gaming Keyboard With Semi-Mechanical Keys | RGB Backlit | Wired Wired USB Gaming Keyboard : 3.8 : 160
INFO:root:ERetailMart Mini One-Hand Mechanical Keyboard Gaming Keyboard V100 35 Keys Colorful Backlit Game Keyboard Wired USB Gaming Keyboard :  : 
INFO:root:RETRACK V5 Cool Metal wired keyboard Luminous Mechanical Feeling Illuminated LED Gaming Wired USB Gaming Keyboard :  : 
INFO:root:RETRACK RGP Arabic Light-up Metal Keyboard - Wired Gaming Mechanical Illuminated LED Wired USB Gaming Keyboard :  : 
INFO:werkzeug:172.18.0.2 - - [05/Jul/2023 03:51:47] "[37mPOST /search HTTP/1.1[0m" 200 -
INFO:werkzeug:172.18.0.2 - - [05/Jul/2023 03:53:08] "[37mGET / HTTP/1.1[0m" 200 -
INFO:root:Requesting URL : https://www.flipkart.com/search?q=trimmers
INFO:root:URL Request : https://www.flipkart.com/search?q=trimmers - Read and closed succesfully
INFO:root:Found : 40 results
ERROR:root:RATING: 'NoneType' object has no attribute 'text'
ERROR:root:TOTAL RATINGS: 'NoneType' object has no attribute 'text'
ERROR:root:RATING: 'NoneType' object has no attribute 'text'
ERROR:root:TOTAL RATINGS: 'NoneType' object has no attribute 'text'
ERROR:root:RATING: 'NoneType' object has no attribute 'text'
ERROR:root:TOTAL RATINGS: 'NoneType' object has no attribute 'text'
ERROR:root:RATING: 'NoneType' object has no attribute 'text'
ERROR:root:TOTAL RATINGS: 'NoneType' object has no attribute 'text'
INFO:root:NOVA NHT 1073-00 USB Trimmer 60 min  Runtime 4 Length Settings : 4.2 : 205959
INFO:root:NOVA NHT 1039/05 USB Trimmer 45 min  Runtime 4 Length Settings : 4.1 : 9888
INFO:root:PHILIPS BT1233/18 Trimmer 30 min  Runtime 4 Length Settings : 4.1 : 149915
INFO:root:HAMOFY Professional Golden t99 Trimmer Haircut Grooming Kit Metal Body Rechargeable 28 Trimmer 120 min  Runtime 4 Length Settings : 3.8 : 3033
INFO:root:HAMOFY Professional Golden t99 Trimmer Haircut Grooming Kit Metal Body Rechargeable 57 Trimmer 120 min  Runtime 4 Length Settings : 3.8 : 19658
INFO:root:PHILIPS BT3101/15 Trimmer 45 min  Runtime 10 Length Settings : 4.2 : 236975
INFO:root:Paradox Professional MaxtopT99 Rechargeable Cordless Electric Blade Beard Trimmer P15 Trimmer 90 min  Runtime 4 Length Settings :  : 
INFO:root:MENHOOD Grooming Trimmer 1.0 Trimmer 150 min  Runtime 4 Length Settings : 4.0 : 455
INFO:root:NOVA NHT 1042 USB Trimmer 60 min  Runtime 5 Length Settings : 4.0 : 54034
INFO:root:NOVA NHT 1052 USB Trimmer 90 min  Runtime 40 Length Settings : 4.1 : 218115
INFO:root:Gillette Proglide 4-in-1 Styler Trimmer 30 min  Runtime 3 Length Settings : 3.9 : 5906
INFO:root:NOVA NHT 1039/03 USB Trimmer 45 min  Runtime 5 Length Settings : 4.0 : 54034
INFO:root:Mi by Xiaomi Beard Trimmer 2 C Trimmer 90 min  Runtime 40 Length Settings : 4.3 : 380284
INFO:root:NOVA NHT 1053 USB Trimmer 160 min  Runtime 40 Length Settings : 4.1 : 218115
INFO:root:TECHFADE OFFICIAL H T C AT-1210 Rechargeable Hair Clipper Trimmer Zero Cutting Beard Shaver Fully Waterproof Trimmer 100 min  Runtime 12 Length Settings : 4.0 : 902
INFO:root:Flipkart SmartBuy ATC002 Trimmer 90 min  Runtime 20 Length Settings : 4.1 : 11773
INFO:root:NOVA NHT 1077 Trimmer 45 min  Runtime 4 Length Settings : 3.9 : 21446
INFO:root:Misuhrobir Trimmer For Men | Hair Removal Machine | Hair Cutting Machine For Men Fully Waterproof Trimmer 180 min  Runtime 5 Length Settings : 3.9 : 70
INFO:root:Paradox Professional MaxtopT99 Rechargeable Cordless Electric Blade Beard Trimmer P70 Trimmer 45 min  Runtime 4 Length Settings :  : 
INFO:root:NOVA NHT 1039 USB Trimmer 45 min  Runtime 4 Length Settings : 4.0 : 54034
INFO:root:Chisel CT_11o3/006 Trimmer 60 min  Runtime 5 Length Settings : 4.0 : 1054
INFO:root:Misuhrobir hair trimmer | hair cutting machine men | beard trimmer men | shaving machine Fully Waterproof Trimmer 180 min  Runtime 5 Length Settings : 3.9 : 1065
INFO:root:PHILIPS BT1232/15 Trimmer 30 mins  Runtime 3 Length Settings : 4.1 : 149915
INFO:root:VEGA SmartOne Series S2, VHTH-31 Fully Waterproof Trimmer 160 min  Runtime 40 Length Settings : 4.3 : 20256
INFO:root:NOVA NHT 1058 Waterproof Trimmer 200 min  Runtime 40 Length Settings : 4.2 : 19533
INFO:root:VEGA SmartOne Series S1 VHTH-30 Fully Waterproof Trimmer 120 min  Runtime 40 Length Settings : 4.3 : 20256
INFO:root:Painless 8802 best selling rechargeable and easy to use hair trimmer Trimmer 45 min  Runtime 2 Length Settings : 3.7 : 215
INFO:root:Gridlab Ear and Nose Hair Trimmer, Electric Nose Hair Shaver Facial Hair Clippers Trimmer 30 min  Runtime 1 Length Settings : 4.3 : 27
INFO:root:ZATCO Hair Cutting Fully Waterproo0 Trimmer 120 min  Runtime 4 Length Settings : 4.3 : 29
INFO:root:NOVA NHT 1073-00 USB Trimmer 60 min  Runtime 4 Length Settings : 4.2 : 205959
INFO:root:Misuhrobir hair remover machine for men | beard trimmer men | hair trimmer men professional Fully Waterproof Trimmer 180 min  Runtime 5 Length Settings : 4.5 : 32
INFO:root:LetsShave & Co. LSER_1 Trimmer 90 min  Runtime 38 Length Settings : 4.3 : 434
INFO:root:NOVA NG 1145 Trimmer 60 min  Runtime 8 Length Settings : 4.1 : 33810
INFO:root:PHILIPS MG3710/65 Trimmer 60 min  Runtime 8 Length Settings : 4.2 : 14710
INFO:root:Paradox Professional MaxtopT99 Rechargeable Cordless Electric Blade Beard Trimmer P1 Trimmer 120 min  Runtime 4 Length Settings :  : 
INFO:root:NOVA NG 1153/05 Digital USB Trimmer 160 min  Runtime 20 Length Settings : 4.1 : 120006
INFO:root:DP Hair Cutting Saving Classic Machine Beard Trimmer pack of 1.GM-657 Trimmer 60 min  Runtime 9 Length Settings : 4.4 : 8
INFO:root:GW Professional Heavy duty Cordless Hair Clipper G W 9849 Trimmer 90 min  Runtime 2 Length Settings :  : 
INFO:root:Syska HT900 Trimmer 120 min  Runtime 40 Length Settings : 4.2 : 11988
INFO:root:ZATCO Professional Hair Trimmer 45 min Runtime 4 Length Settings Trimmer 60 min  Runtime 4 Length Settings : 4.0 : 199
INFO:werkzeug:172.18.0.2 - - [05/Jul/2023 03:53:14] "[37mPOST /search HTTP/1.1[0m" 200 -
INFO:root:START: application started
INFO:root:START: application started
INFO:werkzeug: * Running on http://0.0.0.0:5000/ (Press CTRL+C to quit)
INFO:werkzeug: * Restarting with stat
WARNING:werkzeug: * Debugger is active!
INFO:werkzeug: * Debugger PIN: 260-478-798
INFO:werkzeug:172.18.0.2 - - [05/Jul/2023 03:57:26] "[37mGET / HTTP/1.1[0m" 200 -
INFO:root:Requesting URL : https://www.flipkart.com/search?q=trimmers
INFO:root:URL Request : https://www.flipkart.com/search?q=trimmers - Read and closed succesfully
INFO:root:Found : 40 results
ERROR:root:RATING: 'NoneType' object has no attribute 'text'
DEBUG:root:None
ERROR:root:TOTAL RATINGS: 'NoneType' object has no attribute 'text'
DEBUG:root:None
ERROR:root:RATING: 'NoneType' object has no attribute 'text'
DEBUG:root:None
ERROR:root:TOTAL RATINGS: 'NoneType' object has no attribute 'text'
DEBUG:root:None
ERROR:root:RATING: 'NoneType' object has no attribute 'text'
DEBUG:root:None
ERROR:root:TOTAL RATINGS: 'NoneType' object has no attribute 'text'
DEBUG:root:None
INFO:root:NOVA NHT 1073-00 USB Trimmer 60 min  Runtime 4 Length Settings : 4.2 : 205959
INFO:root:Gillette Proglide 4-in-1 Styler Trimmer 30 min  Runtime 3 Length Settings : 3.9 : 5906
INFO:root:PHILIPS BT1233/18 Trimmer 30 min  Runtime 4 Length Settings : 4.1 : 149915
INFO:root:HAMOFY Professional Golden t99 Trimmer Haircut Grooming Kit Metal Body Rechargeable 28 Trimmer 120 min  Runtime 4 Length Settings : 3.8 : 3033
INFO:root:HAMOFY Professional Golden t99 Trimmer Haircut Grooming Kit Metal Body Rechargeable 57 Trimmer 120 min  Runtime 4 Length Settings : 3.8 : 19658
INFO:root:PHILIPS BT3101/15 Trimmer 45 min  Runtime 10 Length Settings : 4.2 : 236975
INFO:root:NOVA NHT 1042 USB Trimmer 60 min  Runtime 5 Length Settings : 4.0 : 54034
INFO:root:MENHOOD Grooming Trimmer 1.0 Trimmer 150 min  Runtime 4 Length Settings : 4.0 : 455
INFO:root:NOVA NHT 1052 USB Trimmer 90 min  Runtime 40 Length Settings : 4.1 : 218115
INFO:root:Mi by Xiaomi Beard Trimmer 2 C Trimmer 90 min  Runtime 40 Length Settings : 4.3 : 380284
INFO:root:NOVA NHT 1077 Trimmer 45 min  Runtime 4 Length Settings : 3.9 : 21446
INFO:root:Misuhrobir Trimmer For Men | Hair Removal Machine | Hair Cutting Machine For Men Fully Waterproof Trimmer 180 min  Runtime 5 Length Settings : 3.9 : 70
INFO:root:NOVA NHT 1053 USB Trimmer 160 min  Runtime 40 Length Settings : 4.1 : 218115
INFO:root:TECHFADE OFFICIAL H T C AT-1210 Rechargeable Hair Clipper Trimmer Zero Cutting Beard Shaver Fully Waterproof Trimmer 100 min  Runtime 12 Length Settings : 4.0 : 902
INFO:root:NOVA NHT 1039 USB Trimmer 45 min  Runtime 4 Length Settings : 4.0 : 54034
INFO:root:Flipkart SmartBuy ATC002 Trimmer 90 min  Runtime 20 Length Settings : 4.1 : 11773
INFO:root:Chisel CT_11o3/006 Trimmer 60 min  Runtime 5 Length Settings : 4.0 : 1054
INFO:root:Gridlab Ear and Nose Hair Trimmer, Electric Nose Hair Shaver Facial Hair Clippers Trimmer 30 min  Runtime 1 Length Settings : 4.3 : 27
INFO:root:VEGA SmartOne Series S2, VHTH-31 Fully Waterproof Trimmer 160 min  Runtime 40 Length Settings : 4.3 : 20256
INFO:root:PHILIPS BT1232/15 Trimmer 30 mins  Runtime 3 Length Settings : 4.1 : 149915
INFO:root:GW Professional Heavy duty Cordless Hair Clipper G W 9849 Trimmer 90 min  Runtime 2 Length Settings :  : 
INFO:root:GW Professional Heavy duty Hair Clipper with Digital battery power display G W 9739 Trimmer 90 min  Runtime 2 Length Settings :  : 
INFO:root:NOVA NHT 1058 Waterproof Trimmer 200 min  Runtime 40 Length Settings : 4.2 : 19533
INFO:root:ZATCO Hair Cutting Fully Waterproo0 Trimmer 120 min  Runtime 4 Length Settings : 4.3 : 29
INFO:root:VEGA SmartOne Series S1 VHTH-30 Fully Waterproof Trimmer 120 min  Runtime 40 Length Settings : 4.3 : 20256
INFO:root:NOVA NHT 1073-00 USB Trimmer 60 min  Runtime 4 Length Settings : 4.2 : 205959
INFO:root:Zovilstore Premium Rechargeable 2 in 1 eyebrow trimmer Face,Lips, Nose,facial Hair Removal Trimmer 90 min  Runtime 1 Length Settings : 3.7 : 512
INFO:root:GW PROFESSIONAL HAIR CLIPPER USB CHARGING DIGITAL BATTERY POWER INDICATOR G W 9858 Trimmer 90 min  Runtime 2 Length Settings :  : 
INFO:root:NOVA NG 1145 Trimmer 60 min  Runtime 8 Length Settings : 4.1 : 33810
INFO:root:PHILIPS MG3710/65 Trimmer 60 min  Runtime 8 Length Settings : 4.2 : 14710
INFO:root:Basics IND BS-306 Trimmer 80 min  Runtime 4 Length Settings : 4.1 : 183
INFO:root:SKMEI Sk-1014 Black modern classy slim rechargeable hair trimmer Trimmer 45 min  Runtime 2 Length Settings : 3.8 : 494
INFO:root:NOVA NG 1153/05 Digital USB Trimmer 160 min  Runtime 20 Length Settings : 4.1 : 120006
INFO:root:Syska HT900 Trimmer 120 min  Runtime 40 Length Settings : 4.2 : 11988
INFO:root:ZATCO Professional Hair Trimmer 45 min Runtime 4 Length Settings Trimmer 60 min  Runtime 4 Length Settings : 4.0 : 199
INFO:root:Mi XXQ01HM Trimmer 90 min  Runtime 40 Length Settings : 4.3 : 183299
INFO:root:Misuhrobir hair remover machine for men | beard trimmer men | hair trimmer men professional Fully Waterproof Trimmer 180 min  Runtime 5 Length Settings : 4.5 : 32
INFO:root:ClothyDeal Premium Rechargeable 2 in 1 Eyebrow Trimmer for Lips, Face, Nose Hair Remover Trimmer 120 min  Runtime 1 Length Settings : 4.2 : 84
INFO:root:NOVA NG 1153 Digital USB Trimmer 160 min  Runtime 20 Length Settings : 4.1 : 120006
INFO:root:HAVELLS bt5113c Trimmer 120 min  Runtime 9 Length Settings : 4.1 : 75122
INFO:werkzeug:172.18.0.2 - - [05/Jul/2023 03:57:31] "[37mPOST /search HTTP/1.1[0m" 200 -
INFO:werkzeug: * Detected change in '/config/workspace/Projects/web_scrap_with_flask/application.py', reloading
INFO:werkzeug: * Restarting with stat
WARNING:werkzeug: * Debugger is active!
INFO:werkzeug: * Debugger PIN: 260-478-798
INFO:werkzeug: * Detected change in '/config/workspace/Projects/web_scrap_with_flask/application.py', reloading
INFO:werkzeug: * Restarting with stat
INFO:werkzeug: * Running on http://0.0.0.0:5000/ (Press CTRL+C to quit)
INFO:werkzeug: * Restarting with stat
WARNING:werkzeug: * Debugger is active!
INFO:werkzeug: * Debugger PIN: 260-478-798
INFO:werkzeug:172.18.0.2 - - [05/Jul/2023 04:16:13] "[37mGET / HTTP/1.1[0m" 200 -
INFO:root:Requesting URL : https://www.flipkart.com/search?q=mouse
INFO:root:URL Request : https://www.flipkart.com/search?q=mouse - Read and closed succesfully
INFO:root:Found : 40 results
ERROR:root:RATING: 'NoneType' object has no attribute 'text'
DEBUG:root:None
ERROR:root:TOTAL RATINGS: 'NoneType' object has no attribute 'text'
DEBUG:root:None
INFO:root:Arctic Fox Wired USB Gaming Mouse with Breathing Lights and DPI Upto 3600 Wired Optical  Gaming Mouse : 4.3 : 4684
INFO:root:Portronics Toad 13, POR 1382 Wireless Optical Mouse : 4.1 : 36460
INFO:root:DELL MS 116-BK Wired Optical Mouse : 4.4 : 88912
INFO:root:Flipkart SmartBuy WMR23DP01 Wired Optical Mouse : 4.3 : 1201
INFO:root:Portronics Toad 13, POR 1381 Wireless Optical Mouse : 4.1 : 36460
INFO:root:Lenovo KB MICE_BO 300 USB Mouse Wired Optical Mouse : 4.4 : 9304
INFO:root:RPM Euro Games Wireless Gaming Mouse| Rechargeable - 500 mAh Battery | Upto 3200 DPI | 6 Buttons | Backlit RGB Wireless Optical  Gaming Mouse : 4.3 : 3644
INFO:root:Logitech M171 / Optical Tracking, Ambidextrous Wireless Optical Mouse : 4.5 : 41093
INFO:root:Flipkart SmartBuy Power Wired Optical Mouse : 4.2 : 3953
INFO:root:ZEBRONICS ZEB-RISE Wired Optical Mouse : 4.1 : 28217
INFO:root:HP 1000 Wired Optical Mouse : 4.3 : 54667
INFO:root:HP 250 Wireless Optical Mouse : 4.5 : 28132
INFO:root:HP M100 Wired Optical  Gaming Mouse : 4.5 : 13661
INFO:root:Portronics Toad 24, POR 1611 Wireless Optical Mouse : 4.2 : 4682
INFO:root:Portronics Toad 27 , POR 1738 Wireless Optical Mouse : 4.4 : 1114
INFO:root:Logitech B175 / Optical Tracking, 12-Months Battery Life, Ambidextrous Wireless Optical Mouse : 4.5 : 152646
INFO:root:Logitech M171 Wireless Optical Mouse : 4.5 : 41093
INFO:root:HP S1000 Silent Wireless Optical Mouse : 4.3 : 15616
INFO:root:Portronics Toad 23 Adjustable DPI 2.4GHz Wireless Optical Mouse : 4.3 : 1391
INFO:root:ZEBRONICS Zeb-Jaguar Wireless Optical Mouse : 4.3 : 1615
INFO:root:DELL WM118 Wireless Optical Mouse : 4.5 : 32068
INFO:root:Portronics Toad 22, POR 1612 Wireless Optical Mouse : 4.2 : 1641
INFO:root:Portronics Toad 14 Wireless Optical Mouse : 4.1 : 24053
INFO:root:Logitech M171 / Optical Tracking, Ambidextrous Wireless Optical Mouse : 4.5 : 41093
INFO:root:ZEBRONICS ALEX Wired Optical Mouse : 4.1 : 23374
INFO:root:ZEBRONICS Zeb-Jaguar Wireless Optical Mouse : 4.3 : 1615
INFO:root:HP x1000 Wired Optical Mouse : 4.3 : 58844
INFO:root:ZEBRONICS ZEB-TRANSFORMER-M Wired Optical  Gaming Mouse : 4.5 : 19128
INFO:root:Ant Esports GM320 Wired Optical  Gaming Mouse : 4.5 : 558
INFO:root:Logitech M171 / Optical Tracking, Ambidextrous Wireless Optical Mouse : 4.5 : 41093
INFO:root:Logitech Silent M220 Buttons, 18-Month Battery Life, Ambidextrous PC/Mac/Laptop Wireless Optical Mouse : 4.5 : 6845
INFO:root:Logitech G502 Hero / Hero 25K Sensor, Adj DPI Upto 25600, RGB, 11 Programmable Buttons Wired Optical  Gaming Mouse : 4.5 : 698
INFO:root:Lenovo mice_bo 400 mouse(model l300) Wireless Optical Mouse : 4.5 : 3832
INFO:root:Logitech M171 Wireless Optical Mouse : 4.5 : 41093
INFO:root:Logitech M171 Wireless Optical Mouse : 4.5 : 41093
INFO:root:ENTWINO F-1 Gaming Mouse Wired For Compute Wired Optical  Gaming Mouse : 4.1 : 3423
INFO:root:F8SERIES Gaming Wired Mouse For PC and Laptops Wired Laser Wired Optical  Gaming Mouse :  : 
INFO:root:HP 150 Wired Mouse Wired Optical Mouse : 4.3 : 1393
INFO:root:Flipkart SmartBuy E703T Wireless Optical Mouse : 4.5 : 6756
INFO:root:ZEBRONICS Comfort Wired Optical Mouse : 4.0 : 9816
INFO:werkzeug:172.18.0.2 - - [05/Jul/2023 04:16:20] "[37mPOST /search HTTP/1.1[0m" 200 -
INFO:werkzeug:172.18.0.2 - - [05/Jul/2023 04:16:37] "[37mGET / HTTP/1.1[0m" 200 -
INFO:root:Requesting URL : https://www.flipkart.com/search?q=iphone13
INFO:root:URL Request : https://www.flipkart.com/search?q=iphone13 - Read and closed succesfully
INFO:root:Found : 31 results
ERROR:root:TITLE: 'NoneType' object has no attribute 'text'
ERROR:root:HREF: list index out of range
ERROR:root:RATING: 'NoneType' object has no attribute 'text'
DEBUG:root:None
ERROR:root:TOTAL RATINGS: 'NoneType' object has no attribute 'span'
DEBUG:root:None
ERROR:root:TITLE: 'NoneType' object has no attribute 'text'
ERROR:root:HREF: list index out of range
ERROR:root:RATING: 'NoneType' object has no attribute 'text'
DEBUG:root:None
ERROR:root:TOTAL RATINGS: 'NoneType' object has no attribute 'span'
DEBUG:root:None
ERROR:root:TITLE: 'NoneType' object has no attribute 'text'
ERROR:root:HREF: list index out of range
ERROR:root:RATING: 'NoneType' object has no attribute 'text'
DEBUG:root:None
ERROR:root:TOTAL RATINGS: 'NoneType' object has no attribute 'span'
DEBUG:root:None
ERROR:root:TITLE: 'NoneType' object has no attribute 'text'
ERROR:root:HREF: list index out of range
ERROR:root:RATING: 'NoneType' object has no attribute 'text'
DEBUG:root:None
ERROR:root:TOTAL RATINGS: 'NoneType' object has no attribute 'span'
DEBUG:root:None
ERROR:root:TITLE: 'NoneType' object has no attribute 'text'
ERROR:root:HREF: list index out of range
ERROR:root:RATING: 'NoneType' object has no attribute 'text'
DEBUG:root:None
ERROR:root:TOTAL RATINGS: 'NoneType' object has no attribute 'span'
DEBUG:root:None
ERROR:root:TITLE: 'NoneType' object has no attribute 'text'
ERROR:root:HREF: list index out of range
ERROR:root:TOTAL RATINGS: 'NoneType' object has no attribute 'span'
DEBUG:root:None
ERROR:root:TITLE: 'NoneType' object has no attribute 'text'
ERROR:root:HREF: list index out of range
ERROR:root:RATING: 'NoneType' object has no attribute 'text'
DEBUG:root:None
ERROR:root:TOTAL RATINGS: 'NoneType' object has no attribute 'span'
DEBUG:root:None
INFO:root: :  : 
INFO:root: :  : 
INFO:root: :  : 
INFO:root:APPLE iPhone 13 (Midnight, 128 GB) : 4.7 : 230108
INFO:root:APPLE iPhone 13 (Pink, 128 GB) : 4.7 : 230108
INFO:root:APPLE iPhone 13 (Starlight, 128 GB) : 4.7 : 230108
INFO:root:APPLE iPhone 13 (Blue, 128 GB) : 4.7 : 230108
INFO:root:APPLE iPhone 13 (Green, 128 GB) : 4.7 : 230108
INFO:root:APPLE iPhone 13 (Green, 256 GB) : 4.7 : 230108
INFO:root:APPLE iPhone 13 (Starlight, 256 GB) : 4.7 : 230108
INFO:root:APPLE iPhone 13 (Midnight, 256 GB) : 4.7 : 230108
INFO:root:APPLE iPhone 13 ((PRODUCT)RED, 256 GB) : 4.7 : 230108
INFO:root:APPLE iPhone 13 (Midnight, 512 GB) : 4.7 : 230108
INFO:root:APPLE iPhone 13 (Green, 512 GB) : 4.7 : 230108
INFO:root:APPLE iPhone 13 (Blue, 256 GB) : 4.7 : 230108
INFO:root:APPLE iPhone 13 ((PRODUCT)RED, 512 GB) : 4.7 : 230108
INFO:root:APPLE iPhone 13 (Starlight, 512 GB) : 4.7 : 230108
INFO:root:APPLE iPhone 13 (Blue, 512 GB) : 4.7 : 230108
INFO:root:APPLE iPhone 13 ((PRODUCT)RED, 128 GB) : 4.7 : 230108
INFO:root:APPLE iPhone 13 (Pink, 256 GB) : 4.7 : 230108
INFO:root:APPLE iPhone 13 (Pink, 512 GB) : 4.7 : 230108
INFO:root:APPLE iPhone 13 Pro (Graphite, 1 TB) : 4.7 : 1467
INFO:root:APPLE iPhone 13 Pro Max (Alpine Green, 512 GB) : 4.6 : 1901
INFO:root:APPLE iPhone 13 Pro (Gold, 512 GB) : 4.7 : 1467
INFO:root:APPLE iPhone 13 Pro Max (Sierra Blue, 512 GB) : 4.6 : 1901
INFO:root:APPLE iPhone 13 Pro (Alpine Green, 1 TB) : 4.7 : 1467
INFO:root:APPLE iPhone 13 Pro Max (Gold, 512 GB) : 4.6 : 1901
INFO:root: :  : 
INFO:root: :  : 
INFO:root: : 4.6 : 
INFO:root: :  : 
INFO:werkzeug:172.18.0.2 - - [05/Jul/2023 04:16:42] "[37mPOST /search HTTP/1.1[0m" 200 -
INFO:werkzeug:172.18.0.2 - - [05/Jul/2023 04:20:26] "[37mGET / HTTP/1.1[0m" 200 -
INFO:root:Requesting URL : https://www.flipkart.com/search?q=FHD%20Monitors
INFO:root:URL Request : https://www.flipkart.com/search?q=FHD%20Monitors - Read and closed succesfully
INFO:root:Found : 30 results
ERROR:root:TITLE: 'NoneType' object has no attribute 'text'
ERROR:root:HREF: list index out of range
ERROR:root:RATING: 'NoneType' object has no attribute 'text'
DEBUG:root:None
ERROR:root:TOTAL RATINGS: 'NoneType' object has no attribute 'span'
DEBUG:root:None
ERROR:root:TITLE: 'NoneType' object has no attribute 'text'
ERROR:root:HREF: list index out of range
ERROR:root:RATING: 'NoneType' object has no attribute 'text'
DEBUG:root:None
ERROR:root:TOTAL RATINGS: 'NoneType' object has no attribute 'span'
DEBUG:root:None
ERROR:root:RATING: 'NoneType' object has no attribute 'text'
DEBUG:root:None
ERROR:root:TOTAL RATINGS: 'NoneType' object has no attribute 'span'
DEBUG:root:None
ERROR:root:TITLE: 'NoneType' object has no attribute 'text'
ERROR:root:HREF: list index out of range
ERROR:root:RATING: 'NoneType' object has no attribute 'text'
DEBUG:root:None
ERROR:root:TOTAL RATINGS: 'NoneType' object has no attribute 'span'
DEBUG:root:None
ERROR:root:TITLE: 'NoneType' object has no attribute 'text'
ERROR:root:HREF: list index out of range
ERROR:root:RATING: 'NoneType' object has no attribute 'text'
DEBUG:root:None
ERROR:root:TOTAL RATINGS: 'NoneType' object has no attribute 'span'
DEBUG:root:None
ERROR:root:TITLE: 'NoneType' object has no attribute 'text'
ERROR:root:HREF: list index out of range
ERROR:root:TOTAL RATINGS: 'NoneType' object has no attribute 'span'
DEBUG:root:None
ERROR:root:TITLE: 'NoneType' object has no attribute 'text'
ERROR:root:HREF: list index out of range
ERROR:root:RATING: 'NoneType' object has no attribute 'text'
DEBUG:root:None
ERROR:root:TOTAL RATINGS: 'NoneType' object has no attribute 'span'
DEBUG:root:None
INFO:root: :  : 
INFO:root: :  : 
INFO:root:KiTech 17 inch HD TN Panel Monitor (KTM17HV) :  : 
INFO:root:DELL SE-Series 24 inch Full HD LED Backlit VA Panel with 16:9 Aspect Ratio, Brightness : 250 nits, 300... : 4.3 : 243
INFO:root:Acer 27 inch Full HD LED Backlit IPS Panel White Colour Monitor (HA270) : 4.4 : 8481
INFO:root:Acer NITRO 21.5 inch Full HD LED Backlit VA Panel with Acer Display Widget, Acer VisionCare, Tilt-able... : 4.5 : 3889
INFO:root:Acer NITRO 27 inch Full HD LED Backlit IPS Panel 165 Gaming Monitor (VG270) : 4.5 : 305
INFO:root:MarQ by Flipkart 27 inch Full HD LED Backlit VA Panel with 2 X 3W Inbuilt Speakers Monitor (27FHDMVQII... : 4.3 : 5114
INFO:root:Lenovo 23.8 inch Full HD VA Panel 3-Side Near Edgeless with TUV Eye Care Monitor (D24-20) : 4.4 : 2001
INFO:root:Acer 21.5 inch Full HD IPS Panel White Color Ultra Slim Monitor (HA220Q) : 4.4 : 8481
INFO:root:Lenovo D-Series 19.5 Inch Full HD TN Panel with Fully Adjustable Tilt Stand, Seamless Connectivity, HD... : 4.2 : 1303
INFO:root:SAMSUNG 24 inch Full HD LED Backlit IPS Panel with 3-Sided Borderless Display, Game & Free Sync Mode, ... : 4.4 : 8655
INFO:root:SAMSUNG 22 inch Full HD IPS Panel Monitor (LF22T354FHWXXL/LS22C310EAWXXL) : 4.4 : 8655
INFO:root:SAMSUNG 24 inch Full HD LED Backlit IPS Panel Monitor (LF24T352FHWXXL) : 4.8 : 6
INFO:root:Acer 23.6 inch Curved Full HD VA Panel with VESA Mount Support, 1500R Curvature, HDMI 1.4, Integrated ... : 4.4 : 918
INFO:root:LG 24 inch Full HD LED Backlit IPS Panel White Colour Monitor (24MK600M) : 4.4 : 8484
INFO:root:BenQ GW 23.8 inch Full HD LED Backlit IPS Panel Frameless, Flicker-Free, Built-In Speakers Monitor (GW... : 4.5 : 6083
INFO:root:LG 31.5 inch Full HD LED Backlit with Inbuilt Speaker, Remote Control, USB Plug & Play, HDMI x 2, USB ... : 4.3 : 60
INFO:root:LG Ultra Gear Monitor 24 inch Full HD LED Backlit IPS Panel HDR 10 Gaming Monitor (24GN60R) : 4.3 : 109
INFO:root:MarQ by Flipkart 32 inch Curved Full HD LED Backlit VA Panel with 2 X 3W Inbuilt Speakers Gaming Monit... : 4.4 : 250
INFO:root:DELL P-series 24 inch Full HD LED Backlit IPS Panel with HDMI, VGA, DP & USB Ports, Height Adjustable,... : 4.4 : 1052
INFO:root:SAMSUNG 27 inch Full HD LED Backlit IPS Panel Frameless Monitor (LS27C310EAWXXL) : 4.4 : 8655
INFO:root:DELL S Series 23.8 inch Full HD IPS Panel with Inbuilt Dual Speakers, 99% sRGB, Brightness : 250 nits,... : 4.4 : 362
INFO:root:Acer 21.5 inch Full HD LED Backlit VA Panel with ZeroFrame Design, Ergonomic Stand, Acer Vision Care, ... : 4.4 : 2027
INFO:root:Lenovo Q-Series 23.8 Inch Full HD IPS Panel with Tilt Support, TUV Eyesafe Vision Health Board Certifi... : 4.3 : 194
INFO:root:Acer 23.8 inch Full HD LED Backlit VA Panel Monitor (SA241Y) : 4.4 : 61
INFO:root: :  : 
INFO:root: :  : 
INFO:root: : 4.4 : 
INFO:root: :  : 
INFO:werkzeug:172.18.0.2 - - [05/Jul/2023 04:20:38] "[37mPOST /search HTTP/1.1[0m" 200 -
INFO:werkzeug: * Detected change in '/config/workspace/Projects/web_scrap_with_flask/application.py', reloading
INFO:werkzeug: * Restarting with stat
WARNING:werkzeug: * Debugger is active!
INFO:werkzeug: * Debugger PIN: 260-478-798
INFO:werkzeug: * Detected change in '/config/workspace/Projects/web_scrap_with_flask/application.py', reloading
INFO:werkzeug: * Restarting with stat
WARNING:werkzeug: * Debugger is active!
INFO:werkzeug: * Debugger PIN: 260-478-798
INFO:werkzeug: * Detected change in '/config/workspace/Projects/web_scrap_with_flask/application.py', reloading
INFO:werkzeug: * Restarting with stat
WARNING:werkzeug: * Debugger is active!
INFO:werkzeug: * Debugger PIN: 260-478-798
INFO:werkzeug: * Detected change in '/config/workspace/Projects/web_scrap_with_flask/application.py', reloading
INFO:werkzeug: * Restarting with stat
WARNING:werkzeug: * Debugger is active!
INFO:werkzeug: * Debugger PIN: 260-478-798
INFO:werkzeug: * Detected change in '/config/workspace/Projects/web_scrap_with_flask/application.py', reloading
INFO:werkzeug: * Restarting with stat
WARNING:werkzeug: * Debugger is active!
INFO:werkzeug: * Debugger PIN: 260-478-798
INFO:werkzeug: * Detected change in '/config/workspace/Projects/web_scrap_with_flask/application.py', reloading
INFO:werkzeug: * Restarting with stat
WARNING:werkzeug: * Debugger is active!
INFO:werkzeug: * Debugger PIN: 260-478-798
INFO:werkzeug: * Detected change in '/config/workspace/Projects/web_scrap_with_flask/application.py', reloading
INFO:werkzeug: * Restarting with stat
WARNING:werkzeug: * Debugger is active!
INFO:werkzeug: * Debugger PIN: 260-478-798
INFO:werkzeug: * Detected change in '/config/workspace/Projects/web_scrap_with_flask/application.py', reloading
INFO:werkzeug: * Restarting with stat
WARNING:werkzeug: * Debugger is active!
INFO:werkzeug: * Debugger PIN: 260-478-798
INFO:werkzeug: * Detected change in '/config/workspace/Projects/web_scrap_with_flask/application.py', reloading
INFO:werkzeug: * Restarting with stat
WARNING:werkzeug: * Debugger is active!
INFO:werkzeug: * Debugger PIN: 260-478-798
INFO:werkzeug: * Detected change in '/config/workspace/Projects/web_scrap_with_flask/application.py', reloading
INFO:werkzeug: * Restarting with stat
WARNING:werkzeug: * Debugger is active!
INFO:werkzeug: * Debugger PIN: 260-478-798
INFO:werkzeug: * Detected change in '/config/workspace/Projects/web_scrap_with_flask/application.py', reloading
INFO:werkzeug: * Restarting with stat
WARNING:werkzeug: * Debugger is active!
INFO:werkzeug: * Debugger PIN: 260-478-798
INFO:werkzeug: * Detected change in '/config/workspace/Projects/web_scrap_with_flask/application.py', reloading
INFO:werkzeug: * Restarting with stat
INFO:werkzeug: * Running on http://0.0.0.0:5000/ (Press CTRL+C to quit)
INFO:werkzeug: * Restarting with stat
WARNING:werkzeug: * Debugger is active!
INFO:werkzeug: * Debugger PIN: 260-478-798
INFO:werkzeug:172.18.0.2 - - [05/Jul/2023 04:28:06] "[37mGET / HTTP/1.1[0m" 200 -
INFO:root:Requesting URL : https://www.flipkart.com/search?q=water%20bottle
INFO:root:URL Request : https://www.flipkart.com/search?q=water%20bottle - Read and closed succesfully
INFO:root:Found : 40 results
ERROR:root:PRICE: 'NoneType' object has no attribute 'text'
INFO:werkzeug:172.18.0.2 - - [05/Jul/2023 04:28:15] "[35m[1mPOST /search HTTP/1.1[0m" 500 -
INFO:werkzeug:172.18.0.2 - - [05/Jul/2023 04:28:15] "[37mGET /search?__debugger__=yes&cmd=resource&f=style.css HTTP/1.1[0m" 200 -
INFO:werkzeug:172.18.0.2 - - [05/Jul/2023 04:28:15] "[37mGET /search?__debugger__=yes&cmd=resource&f=jquery.js HTTP/1.1[0m" 200 -
INFO:werkzeug:172.18.0.2 - - [05/Jul/2023 04:28:16] "[37mGET /search?__debugger__=yes&cmd=resource&f=debugger.js HTTP/1.1[0m" 200 -
INFO:werkzeug:172.18.0.2 - - [05/Jul/2023 04:28:16] "[37mGET /search?__debugger__=yes&cmd=resource&f=ubuntu.ttf HTTP/1.1[0m" 200 -
INFO:werkzeug:172.18.0.2 - - [05/Jul/2023 04:28:16] "[37mGET /search?__debugger__=yes&cmd=resource&f=console.png HTTP/1.1[0m" 200 -
INFO:werkzeug: * Detected change in '/config/workspace/Projects/web_scrap_with_flask/application.py', reloading
INFO:werkzeug: * Restarting with stat
WARNING:werkzeug: * Debugger is active!
INFO:werkzeug: * Debugger PIN: 260-478-798
INFO:werkzeug: * Detected change in '/config/workspace/Projects/web_scrap_with_flask/application.py', reloading
INFO:werkzeug: * Restarting with stat
WARNING:werkzeug: * Debugger is active!
INFO:werkzeug: * Debugger PIN: 260-478-798
INFO:root:START: application started
INFO:root:START: application started
INFO:werkzeug: * Running on http://0.0.0.0:5000/ (Press CTRL+C to quit)
INFO:werkzeug: * Restarting with stat
WARNING:werkzeug: * Debugger is active!
INFO:werkzeug: * Debugger PIN: 260-478-798
INFO:werkzeug:172.18.0.2 - - [05/Jul/2023 04:29:13] "[37mGET / HTTP/1.1[0m" 200 -
INFO:root:Requesting URL : https://www.flipkart.com/search?q=water%20Bottles
INFO:root:URL Request : https://www.flipkart.com/search?q=water%20Bottles - Read and closed succesfully
INFO:root:Found : 40 results
ERROR:root:PRICE: 'NoneType' object has no attribute 'text'
ERROR:root:PRICE: 'NoneType' object has no attribute 'text'
ERROR:root:PRICE: 'NoneType' object has no attribute 'text'
ERROR:root:PRICE: 'NoneType' object has no attribute 'text'
ERROR:root:PRICE: 'NoneType' object has no attribute 'text'
ERROR:root:PRICE: 'NoneType' object has no attribute 'text'
ERROR:root:RATING: 'NoneType' object has no attribute 'text'
DEBUG:root:None
ERROR:root:TOTAL RATINGS: 'NoneType' object has no attribute 'text'
DEBUG:root:None
ERROR:root:PRICE: 'NoneType' object has no attribute 'text'
ERROR:root:PRICE: 'NoneType' object has no attribute 'text'
ERROR:root:PRICE: 'NoneType' object has no attribute 'text'
ERROR:root:PRICE: 'NoneType' object has no attribute 'text'
ERROR:root:PRICE: 'NoneType' object has no attribute 'text'
ERROR:root:PRICE: 'NoneType' object has no attribute 'text'
ERROR:root:PRICE: 'NoneType' object has no attribute 'text'
ERROR:root:PRICE: 'NoneType' object has no attribute 'text'
ERROR:root:PRICE: 'NoneType' object has no attribute 'text'
ERROR:root:PRICE: 'NoneType' object has no attribute 'text'
ERROR:root:PRICE: 'NoneType' object has no attribute 'text'
ERROR:root:PRICE: 'NoneType' object has no attribute 'text'
ERROR:root:RATING: 'NoneType' object has no attribute 'text'
DEBUG:root:None
ERROR:root:TOTAL RATINGS: 'NoneType' object has no attribute 'text'
DEBUG:root:None
ERROR:root:PRICE: 'NoneType' object has no attribute 'text'
ERROR:root:PRICE: 'NoneType' object has no attribute 'text'
ERROR:root:PRICE: 'NoneType' object has no attribute 'text'
ERROR:root:RATING: 'NoneType' object has no attribute 'text'
DEBUG:root:None
ERROR:root:TOTAL RATINGS: 'NoneType' object has no attribute 'text'
DEBUG:root:None
ERROR:root:PRICE: 'NoneType' object has no attribute 'text'
ERROR:root:PRICE: 'NoneType' object has no attribute 'text'
ERROR:root:PRICE: 'NoneType' object has no attribute 'text'
ERROR:root:PRICE: 'NoneType' object has no attribute 'text'
ERROR:root:PRICE: 'NoneType' object has no attribute 'text'
ERROR:root:PRICE: 'NoneType' object has no attribute 'text'
ERROR:root:PRICE: 'NoneType' object has no attribute 'text'
ERROR:root:PRICE: 'NoneType' object has no attribute 'text'
ERROR:root:PRICE: 'NoneType' object has no attribute 'text'
ERROR:root:PRICE: 'NoneType' object has no attribute 'text'
ERROR:root:PRICE: 'NoneType' object has no attribute 'text'
ERROR:root:PRICE: 'NoneType' object has no attribute 'text'
ERROR:root:PRICE: 'NoneType' object has no attribute 'text'
ERROR:root:RATING: 'NoneType' object has no attribute 'text'
DEBUG:root:None
ERROR:root:TOTAL RATINGS: 'NoneType' object has no attribute 'text'
DEBUG:root:None
ERROR:root:PRICE: 'NoneType' object has no attribute 'text'
ERROR:root:PRICE: 'NoneType' object has no attribute 'text'
ERROR:root:PRICE: 'NoneType' object has no attribute 'text'
ERROR:root:PRICE: 'NoneType' object has no attribute 'text'
ERROR:root:PRICE: 'NoneType' object has no attribute 'text'
ERROR:root:PRICE: 'NoneType' object has no attribute 'text'
INFO:root:M9GI Premium Quality Square Shape water bottle set of fridge bottles plastics 1000 ml Bottle : 5.0 : 7 : 
INFO:root:Flipkart SmartBuy Executive 950 ml Bottle : 3.7 : 8126 : 
INFO:root:Know Show Hot & Cold Flask Bottle Temperature Display Insulated Stainless Steel Smart 500 ml Bottle : 4.1 : 57 : 
INFO:root:cello Puro Steel-X Benz 900 Insulated Inner Steel Outer Plastic Water Bottle, 730 ml Bottle : 3.9 : 36592 : 
INFO:root:MILTON COPPER CHARGE 1000 930 ml Bottle : 4.1 : 21572 : 
INFO:root:NIRLON Ozone Stainless Steel Single Wall Water Bottle/Fridge Refrigerator Bottle 1000 ml Bottle : 4.0 : 4599 : 
INFO:root:Classic Essentials Stainless Steel Curbb Water Bottle For Fridge, School, Home, Office, Travel 1000 ml Bottle :  :  : 
INFO:root:KGN Smart Hot and Cold Temperature LED Display 500ml Flask (Pack of 1, Black, Steel) 500 ml Flask : 3.7 : 190 : 
INFO:root:STARKENDY Air Tight Fridge School Collage Office Gym Men Women Kids 1000 ml Bottle : 4.1 : 565 : 
INFO:root:Flipkart SmartBuy Designer 950 ml Bottle : 4.1 : 1951 : 
INFO:root:Coozico Water Bottle 750 ml with Air Tight Black Matte Lid, Glass Bottle for Water, 750 ml Bottle : 4.3 : 32 : 
INFO:root:pexpo 1000 ml Sports and Hiking Stainless Steel Water Bottle, Chromo 1000 ml Bottle : 4.1 : 13354 : 
INFO:root:MILTON Thermosteel Flip lid 1000 ml Flask : 4.3 : 339634 : 
INFO:root:cello Puro Steel-X Benz 900 Insulated Inner Steel Outer Plastic Water Bottle, 730 ml Bottle : 3.9 : 36592 : 
INFO:root:US1984 Sport Gallon Water Bottle, BPA Free Gym Bottle, Motivational Bottle with Straw 2000 ml Bottle : 4.5 : 1684 : 
INFO:root:CASPIAN /// Hike Stainless Steel Sipper Water Bottle for Home Office School Kids Sports Gym 1000 ml Bottle : 4.1 : 2914 : 
INFO:root:HAPPY CART STAINLESS STEEL WATER BOTTLE PACK OF 6 1000 ml Bottle : 3.7 : 31 : 
INFO:root:CASPIAN /// Stainless Steel Water Bottle for Home Fridge School Kids Boys Girls Gym Travel 1000 ml Bottle : 4.1 : 2914 : 
INFO:root:vodo point Vacuum Insulated Flask set 3Cup set for Hot & cold Drink(Gift Set) 500 ml Flask :  :  : 
INFO:root:MILTON Thermosteel Glassy Drinking Cup Lid, 1000 Ml, Pink 1000 ml Flask : 4.5 : 20796 : 
INFO:root:cello H2O 1000 ml Bottle : 4.4 : 5601 : 
INFO:root:Perpetual Motivational Water Bottle - 1 liter Unbreakable Water Bottle with Motivational 1000 ml Bottle :  :  : 
INFO:root:CASPIAN /// Hike Stainless Steel Sipper Water Bottle for Home Office School Kids Sports Gym 1000 ml Bottle : 4.1 : 2914 : 
INFO:root:MACARIZE Plastic Dumbbell Shape Water Bottle | Portable Dumble Water Bottle 750 ml Bottle : 3.1 : 10 : 
INFO:root:Flipkart SmartBuy Designer Mosaic Water Bottle - 1000ml - PET : 4.4 : 96462 : 
INFO:root:SPEEDEX Stainless Steel Water Bottle for fridge School Gym Home office Travel Boys Girls 1000 ml Bottle : 3.9 : 1815 : 
INFO:root:bottlewala Printed 1000 ml Bottle : 3.6 : 7 : 
INFO:root:courage Customized/Personalized/Name/Logo Print on Stainless Steel Water Bottle (Dream) 1000 ml Bottle : 4.3 : 53 : 
INFO:root:Pigeon Inox Hydra 900 ml Bottle : 4.0 : 5245 : 
INFO:root:Kimaya Stainless Steel water bottle 1000 ml Bottle : 3.9 : 47790 : 
INFO:root:Greenchef Hydra Vacuum insulated LED Temperature 500 ml Bottle : 4.1 : 92 : 
INFO:root:The Better Home Insulated Sipper Water Bottle For Adults | Hot and Cold Sports Water Bottle 1 ml Flask : 4.7 : 27 : 
INFO:root:Greenchef Flex stainless steel 900 ml Bottle : 3.8 : 330 : 
INFO:root:MILTON Thermosteel Flip Lid 500 ml Flask : 4.3 : 339634 : 
INFO:root:keskriva sipper Bottle with Straw, Mickey Sipper Bottle for Girls-Sipper Glass 1000 ml Bottle :  :  : 
INFO:root:NL Traders Unbreakable Silicone Water Bottle for home, office, gym (1 Pcs. ,multicolor) 1000 ml Bottle With Drinking Glass : 4.1 : 771 : 
INFO:root:ERcial Store Hot & Cold Stainless Steel LED Display with Touch Screen Temperature Bottle 500 ml Flask : 4.0 : 30 : 
INFO:root:BELLERBIRD Premium Quality Square Shape water bottle set of fridge 1000 ml Bottle : 4.1 : 4089 : 
INFO:root:MILTON Steel Convey 900 Insulated Inner Steel Water Bottle, 630 ml, Cyan 630 ml Bottle : 4.0 : 11612 : 
INFO:root:NIRLON Stainless Steel Water Bottle/Refrigerator Bottle, Single Wall, Leakproof 3 Pc 1000 ml Bottle : 3.7 : 2706 : 
INFO:werkzeug:172.18.0.2 - - [05/Jul/2023 04:29:23] "[37mPOST /search HTTP/1.1[0m" 200 -
INFO:werkzeug: * Detected change in '/config/workspace/Projects/web_scrap_with_flask/application.py', reloading
INFO:werkzeug: * Restarting with stat
WARNING:werkzeug: * Debugger is active!
INFO:werkzeug: * Debugger PIN: 260-478-798
INFO:werkzeug: * Detected change in '/config/workspace/Projects/web_scrap_with_flask/application.py', reloading
INFO:werkzeug: * Restarting with stat
WARNING:werkzeug: * Debugger is active!
INFO:werkzeug: * Debugger PIN: 260-478-798
INFO:root:START: application started
INFO:root:START: application started
INFO:werkzeug: * Running on http://0.0.0.0:5000/ (Press CTRL+C to quit)
INFO:werkzeug: * Restarting with stat
WARNING:werkzeug: * Debugger is active!
INFO:werkzeug: * Debugger PIN: 260-478-798
INFO:root:Requesting URL : https://www.flipkart.com/search?q=water%20Bottles
INFO:root:URL Request : https://www.flipkart.com/search?q=water%20Bottles - Read and closed succesfully
INFO:werkzeug:172.18.0.2 - - [05/Jul/2023 04:31:21] "[35m[1mPOST /search HTTP/1.1[0m" 500 -
INFO:werkzeug:172.18.0.2 - - [05/Jul/2023 04:31:21] "[37mGET /search?__debugger__=yes&cmd=resource&f=style.css HTTP/1.1[0m" 200 -
INFO:werkzeug:172.18.0.2 - - [05/Jul/2023 04:31:21] "[37mGET /search?__debugger__=yes&cmd=resource&f=jquery.js HTTP/1.1[0m" 200 -
INFO:werkzeug:172.18.0.2 - - [05/Jul/2023 04:31:21] "[37mGET /search?__debugger__=yes&cmd=resource&f=debugger.js HTTP/1.1[0m" 200 -
INFO:werkzeug:172.18.0.2 - - [05/Jul/2023 04:31:22] "[37mGET /search?__debugger__=yes&cmd=resource&f=console.png HTTP/1.1[0m" 200 -
INFO:werkzeug:172.18.0.2 - - [05/Jul/2023 04:31:55] "[37mGET / HTTP/1.1[0m" 200 -
INFO:root:Requesting URL : https://www.flipkart.com/search?q=water%20bottles
INFO:root:URL Request : https://www.flipkart.com/search?q=water%20bottles - Read and closed succesfully
INFO:werkzeug:172.18.0.2 - - [05/Jul/2023 04:32:05] "[35m[1mPOST /search HTTP/1.1[0m" 500 -
INFO:werkzeug:172.18.0.2 - - [05/Jul/2023 04:32:05] "[37mGET /search?__debugger__=yes&cmd=resource&f=style.css HTTP/1.1[0m" 200 -
INFO:werkzeug:172.18.0.2 - - [05/Jul/2023 04:32:05] "[37mGET /search?__debugger__=yes&cmd=resource&f=debugger.js HTTP/1.1[0m" 200 -
INFO:werkzeug:172.18.0.2 - - [05/Jul/2023 04:32:05] "[37mGET /search?__debugger__=yes&cmd=resource&f=jquery.js HTTP/1.1[0m" 200 -
INFO:werkzeug:172.18.0.2 - - [05/Jul/2023 04:32:05] "[37mGET /search?__debugger__=yes&cmd=resource&f=ubuntu.ttf HTTP/1.1[0m" 200 -
INFO:werkzeug:172.18.0.2 - - [05/Jul/2023 04:32:05] "[37mGET /search?__debugger__=yes&cmd=resource&f=console.png HTTP/1.1[0m" 200 -
INFO:root:START: application started
INFO:root:START: application started
INFO:werkzeug: * Running on http://0.0.0.0:5000/ (Press CTRL+C to quit)
INFO:werkzeug: * Restarting with stat
WARNING:werkzeug: * Debugger is active!
INFO:werkzeug: * Debugger PIN: 260-478-798
INFO:werkzeug:172.18.0.2 - - [05/Jul/2023 04:33:26] "[37mGET / HTTP/1.1[0m" 200 -
INFO:root:Requesting URL : https://www.flipkart.com/search?q=water%20bottles
INFO:root:URL Request : https://www.flipkart.com/search?q=water%20bottles - Read and closed succesfully
INFO:root:Found : 40 results
ERROR:root:RATING: 'NoneType' object has no attribute 'text'
DEBUG:root:None
ERROR:root:TOTAL RATINGS: 'NoneType' object has no attribute 'text'
DEBUG:root:None
ERROR:root:RATING: 'NoneType' object has no attribute 'text'
DEBUG:root:None
ERROR:root:TOTAL RATINGS: 'NoneType' object has no attribute 'text'
DEBUG:root:None
INFO:root:M9GI Premium Quality Square Shape water bottle set of fridge bottles plastics 1000 ml Bottle : 5.0 : 7 : ₹389
INFO:root:KGN Smart Hot and Cold Temperature LED Display 500ml Flask (Pack of 1, Black, Steel) 500 ml Flask : 3.7 : 190 : ₹270
INFO:root:Kimaya Stainless Steel water bottle 1000 ml Bottle : 3.9 : 47790 : ₹299
INFO:root:Know Show Hot & Cold Flask Bottle Temperature Display Insulated Stainless Steel Smart 500 ml Bottle : 4.1 : 57 : ₹285
INFO:root:cello Puro Steel-X Benz 900 Insulated Inner Steel Outer Plastic Water Bottle, 730 ml Bottle : 3.9 : 36592 : ₹430
INFO:root:NIRLON Ozone Stainless Steel Single Wall Water Bottle/Fridge Refrigerator Bottle 1000 ml Bottle : 4.0 : 4599 : ₹559
INFO:root:MILTON COPPER CHARGE 1000 930 ml Bottle : 4.1 : 21572 : ₹761
INFO:root:Coozico Water Bottle 750 ml with Air Tight Black Matte Lid, Glass Bottle for Water, 750 ml Bottle : 4.3 : 32 : ₹299
INFO:root:Flipkart SmartBuy Designer 950 ml Bottle : 4.1 : 1951 : ₹1,119
INFO:root:MILTON Thermosteel Flip lid 1000 ml Flask : 4.3 : 339634 : ₹951
INFO:root:pexpo 1000 ml Sports and Hiking Stainless Steel Water Bottle, Chromo 1000 ml Bottle : 4.1 : 13354 : ₹315
INFO:root:CASPIAN /// Stainless Steel Water Bottle for Home Fridge School Kids Boys Girls Gym Travel 1000 ml Bottle : 4.1 : 2914 : ₹376
INFO:root:cello Puro Steel-X Benz 900 Insulated Inner Steel Outer Plastic Water Bottle, 730 ml Bottle : 3.9 : 36592 : ₹376
INFO:root:CASPIAN /// Hike Stainless Steel Sipper Water Bottle for Home Office School Kids Sports Gym 1000 ml Bottle : 4.1 : 2914 : ₹364
INFO:root:CASPIAN /// Hike Stainless Steel Sipper Water Bottle for Home Office School Kids Sports Gym 1000 ml Bottle : 4.1 : 2914 : ₹363
INFO:root:Litvibes Nice Glass Water Bottle (1 piece,400 ML) - PINK 400 ml Bottle :  :  : ₹299
INFO:root:cello H2O 1000 ml Bottle : 4.4 : 5601 : ₹204
INFO:root:Perpetual Motivational Water Bottle - 1 liter Unbreakable Water Bottle with Motivational 1000 ml Bottle :  :  : ₹399
INFO:root:HAPPY CART STAINLESS STEEL WATER BOTTLE PACK OF 6 1000 ml Bottle : 3.7 : 31 : ₹649
INFO:root:eTrack Stainless Steel Vacuum Flask with 3 set of Steel Cup Combo 500 ml Flask : 3.7 : 94 : ₹389
INFO:root:bottlewala Printed 1000 ml Bottle : 3.6 : 7 : ₹499
INFO:root:courage Customized/Personalized/Name/Logo Print on Stainless Steel Water Bottle (Dream) 1000 ml Bottle : 4.3 : 53 : ₹399
INFO:root:US1984 Sport Gallon Water Bottle, BPA Free Gym Bottle, Motivational Bottle with Straw 2000 ml Bottle : 4.5 : 1684 : ₹395
INFO:root:MACARIZE Plastic Dumbbell Shape Water Bottle | Portable Dumble Water Bottle 750 ml Bottle : 3.1 : 10 : ₹449
INFO:root:Flipkart SmartBuy Designer Mosaic Water Bottle - 1000ml - PET : 4.4 : 96462 : ₹249
INFO:root:SPEEDEX Stainless Steel Water Bottle for fridge School Gym Home office Travel Boys Girls 1000 ml Bottle : 3.9 : 1815 : ₹384
INFO:root:The Better Home Insulated Sipper Water Bottle For Adults | Hot and Cold Sports Water Bottle 1 ml Flask : 4.7 : 27 : ₹999
INFO:root:Greenchef Hydra Vacuum insulated LED Temperature 500 ml Bottle : 4.1 : 92 : ₹339
INFO:root:Pigeon Inox Hydra 900 ml Bottle : 4.0 : 5245 : ₹221
INFO:root:Flipkart SmartBuy Stylish crystal design water bottle set for multipurpose 6pc 1000 ml Bottle : 4.3 : 2397 : ₹269
INFO:root:pexpo 1000 ml Sports and Hiking Stainless Steel Water Bottle, Chromo 1000 ml Bottle : 4.1 : 13354 : ₹618
INFO:root:BELLERBIRD Premium Quality Square Shape water bottle set of fridge 1000 ml Bottle : 4.1 : 4089 : ₹347
INFO:root:Greenchef Flex stainless steel 900 ml Bottle : 3.8 : 330 : ₹599
INFO:root:DEEJET FROSTY BEST CHOICE PREMIUM QUALITY WATER BOTTLE SET OF 6 1000 ml Bottle : 5.0 : 3 : ₹381
INFO:root:MILTON Thermosteel Flip Lid 500 ml Flask : 4.3 : 339634 : ₹634
INFO:root:NL Traders Unbreakable Silicone Water Bottle for home, office, gym (1 Pcs. ,multicolor) 1000 ml Bottle With Drinking Glass : 4.1 : 771 : ₹274
INFO:root:ERcial Store Hot & Cold Stainless Steel LED Display with Touch Screen Temperature Bottle 500 ml Flask : 4.0 : 30 : ₹347
INFO:root:SAMJU Unbreakable Water Bottle 1 Liters with Motivational Time Marker (multicolor) 1000 ml Bottle : 3.8 : 34 : ₹359
INFO:root:cello venice Exclusive Edition Plastic Water Bottle 1000 ml Bottle : 3.7 : 90 : ₹499
INFO:root:MILTON Steel Convey 900 Insulated Inner Steel Water Bottle, 630 ml, Cyan 630 ml Bottle : 4.0 : 11612 : ₹328
INFO:werkzeug:172.18.0.2 - - [05/Jul/2023 04:33:33] "[37mPOST /search HTTP/1.1[0m" 200 -
INFO:werkzeug: * Detected change in '/config/workspace/Projects/web_scrap_with_flask/application.py', reloading
INFO:werkzeug: * Restarting with stat
WARNING:werkzeug: * Debugger is active!
INFO:werkzeug: * Debugger PIN: 260-478-798
INFO:werkzeug: * Detected change in '/config/workspace/Projects/web_scrap_with_flask/application.py', reloading
INFO:werkzeug: * Restarting with stat
WARNING:werkzeug: * Debugger is active!
INFO:werkzeug: * Debugger PIN: 260-478-798
INFO:werkzeug: * Detected change in '/config/workspace/Projects/web_scrap_with_flask/application.py', reloading
INFO:werkzeug: * Restarting with stat
WARNING:werkzeug: * Debugger is active!
INFO:werkzeug: * Debugger PIN: 260-478-798
INFO:root:START: application started
INFO:root:START: application started
